<?xml version="1.0" encoding="UTF-8"?>
<testng-results ignored="0" total="1" passed="1" failed="0" skipped="0">
  <reporter-output>
  </reporter-output>
  <suite started-at="2021-12-03T06:54:51Z" name="Default suite" finished-at="2021-12-03T06:54:54Z" duration-ms="2274">
    <groups>
    </groups>
    <test started-at="2021-12-03T06:54:51Z" name="Default test" finished-at="2021-12-03T06:54:54Z" duration-ms="2274">
      <class name="test.PostRequest">
        <test-method signature="PostCall()[pri:0, instance:test.PostRequest@909217e]" started-at="2021-12-03T06:54:51Z" name="PostCall" finished-at="2021-12-03T06:54:54Z" duration-ms="2254" status="PASS">
          <reporter-output>
          </reporter-output>
        </test-method> <!-- PostCall -->
      </class> <!-- test.PostRequest -->
    </test> <!-- Default test -->
  </suite> <!-- Default suite -->
</testng-results>
